zCRITICAL - 2024-09-26 02:04:39 --> ParseError: syntax error, unexpected token ";"
[Method: GET, Route: transaksi]
in APPPATH\Controllers\Transaksi.php on line 62.
 1 SYSTEMPATH\Autoloader\Autoloader.php(296): CodeIgniter\Autoloader\Autoloader->includeFile('C:\\xampp\\htdocs\\server-webservice\\app\\Controllers\\Transaksi.php')
 2 SYSTEMPATH\Autoloader\Autoloader.php(272): CodeIgniter\Autoloader\Autoloader->loadInNamespace('App\\Controllers\\Transaksi')
 3 [internal function]: CodeIgniter\Autoloader\Autoloader->loadClass('App\\Controllers\\Transaksi')
 4 SYSTEMPATH\CodeIgniter.php(887): class_exists('\\App\\Controllers\\Transaksi', true)
 5 SYSTEMPATH\CodeIgniter.php(496): CodeIgniter\CodeIgniter->startController()
 6 SYSTEMPATH\CodeIgniter.php(355): CodeIgniter\CodeIgniter->handleRequest(null, Object(Config\Cache), false)
 7 SYSTEMPATH\Boot.php(325): CodeIgniter\CodeIgniter->run()
 8 SYSTEMPATH\Boot.php(67): CodeIgniter\Boot::runCodeIgniter(Object(CodeIgniter\CodeIgniter))
 9 FCPATH\index.php(56): CodeIgniter\Boot::bootWeb(Object(Config\Paths))
10 SYSTEMPATH\rewrite.php(44): require_once('C:\\xampp\\htdocs\\server-webservice\\public\\index.php')
CRITICAL - 2024-09-26 02:05:04 --> ParseError: Unclosed '{' on line 9
[Method: GET, Route: transaksi/data]
in APPPATH\Controllers\Transaksi.php on line 67.
 1 SYSTEMPATH\Autoloader\Autoloader.php(296): CodeIgniter\Autoloader\Autoloader->includeFile('C:\\xampp\\htdocs\\server-webservice\\app\\Controllers\\Transaksi.php')
 2 SYSTEMPATH\Autoloader\Autoloader.php(272): CodeIgniter\Autoloader\Autoloader->loadInNamespace('App\\Controllers\\Transaksi')
 3 [internal function]: CodeIgniter\Autoloader\Autoloader->loadClass('App\\Controllers\\Transaksi')
 4 SYSTEMPATH\CodeIgniter.php(887): class_exists('\\App\\Controllers\\Transaksi', true)
 5 SYSTEMPATH\CodeIgniter.php(496): CodeIgniter\CodeIgniter->startController()
 6 SYSTEMPATH\CodeIgniter.php(355): CodeIgniter\CodeIgniter->handleRequest(null, Object(Config\Cache), false)
 7 SYSTEMPATH\Boot.php(325): CodeIgniter\CodeIgniter->run()
 8 SYSTEMPATH\Boot.php(67): CodeIgniter\Boot::runCodeIgniter(Object(CodeIgniter\CodeIgniter))
 9 FCPATH\index.php(56): CodeIgniter\Boot::bootWeb(Object(Config\Paths))
10 SYSTEMPATH\rewrite.php(44): require_once('C:\\xampp\\htdocs\\server-webservice\\public\\index.php')
CRITICAL - 2024-09-26 02:08:32 --> ErrorException: Declaration of App\Models\TransaksiModel::update($id, $data) must be compatible with CodeIgniter\Model::update($id = null, $row = null): bool
[Method: GET, Route: transaksi/data]
in APPPATH\Models\TransaksiModel.php on line 36.
 1 [internal function]: CodeIgniter\Debug\Exceptions->shutdownHandler()
CRITICAL - 2024-09-26 02:08:50 --> ErrorException: Declaration of App\Models\TransaksiModel::update($id, $data) must be compatible with CodeIgniter\Model::update($id = null, $row = null): bool
[Method: GET, Route: transaksi/data]
in APPPATH\Models\TransaksiModel.php on line 36.
 1 [internal function]: CodeIgniter\Debug\Exceptions->shutdownHandler()
CRITICAL - 2024-09-26 02:10:13 --> ErrorException: Declaration of App\Models\TransaksiModel::update($id, $data) must be compatible with CodeIgniter\Model::update($id = null, $row = null): bool
[Method: GET, Route: transaksi/data]
in APPPATH\Models\TransaksiModel.php on line 36.
 1 [internal function]: CodeIgniter\Debug\Exceptions->shutdownHandler()
CRITICAL - 2024-09-26 02:11:46 --> ErrorException: Declaration of App\Models\TransaksiModel::update($id, $data) must be compatible with CodeIgniter\Model::update($id = null, $row = null): bool
[Method: GET, Route: transaksi/data]
in APPPATH\Models\TransaksiModel.php on line 36.
 1 [internal function]: CodeIgniter\Debug\Exceptions->shutdownHandler()
CRITICAL - 2024-09-26 03:09:48 --> ErrorException: Declaration of App\Models\TransaksiModel::update($id, $data) must be compatible with CodeIgniter\Model::update($id = null, $row = null): bool
[Method: GET, Route: transaksi/data]
in APPPATH\Models\TransaksiModel.php on line 37.
 1 [internal function]: CodeIgniter\Debug\Exceptions->shutdownHandler()
CRITICAL - 2024-09-26 03:14:18 --> ErrorException: Declaration of App\Models\TransaksiModel::update($id, $data) must be compatible with CodeIgniter\Model::update($id = null, $row = null): bool
[Method: GET, Route: transaksi/data]
in APPPATH\Models\TransaksiModel.php on line 37.
 1 [internal function]: CodeIgniter\Debug\Exceptions->shutdownHandler()
CRITICAL - 2024-09-26 03:14:18 --> ErrorException: Declaration of App\Models\TransaksiModel::update($id, $data) must be compatible with CodeIgniter\Model::update($id = null, $row = null): bool
[Method: GET, Route: transaksi/data]
in APPPATH\Models\TransaksiModel.php on line 37.
 1 [internal function]: CodeIgniter\Debug\Exceptions->shutdownHandler()
CRITICAL - 2024-09-26 05:28:46 --> Error: Class "App\Models\DetailTransaksiModel" not found
[Method: GET, Route: detail-transaksi/data]
in APPPATH\Controllers\DetailTransaksi.php on line 29.
 1 SYSTEMPATH\CodeIgniter.php(933): App\Controllers\DetailTransaksi->getDetailTransaksi()
 2 SYSTEMPATH\CodeIgniter.php(509): CodeIgniter\CodeIgniter->runController(Object(App\Controllers\DetailTransaksi))
 3 SYSTEMPATH\CodeIgniter.php(355): CodeIgniter\CodeIgniter->handleRequest(null, Object(Config\Cache), false)
 4 SYSTEMPATH\Boot.php(325): CodeIgniter\CodeIgniter->run()
 5 SYSTEMPATH\Boot.php(67): CodeIgniter\Boot::runCodeIgniter(Object(CodeIgniter\CodeIgniter))
 6 FCPATH\index.php(56): CodeIgniter\Boot::bootWeb(Object(Config\Paths))
 7 SYSTEMPATH\rewrite.php(44): require_once('C:\\laragon\\www\\server-webservice\\public\\index.php')
CRITICAL - 2024-09-26 05:31:09 --> Error: Class "App\Models\DetailTransaksiModel" not found
[Method: GET, Route: detail-transaksi/data]
in APPPATH\Controllers\DetailTransaksi.php on line 29.
 1 SYSTEMPATH\CodeIgniter.php(933): App\Controllers\DetailTransaksi->getDetailTransaksi()
 2 SYSTEMPATH\CodeIgniter.php(509): CodeIgniter\CodeIgniter->runController(Object(App\Controllers\DetailTransaksi))
 3 SYSTEMPATH\CodeIgniter.php(355): CodeIgniter\CodeIgniter->handleRequest(null, Object(Config\Cache), false)
 4 SYSTEMPATH\Boot.php(325): CodeIgniter\CodeIgniter->run()
 5 SYSTEMPATH\Boot.php(67): CodeIgniter\Boot::runCodeIgniter(Object(CodeIgniter\CodeIgniter))
 6 FCPATH\index.php(56): CodeIgniter\Boot::bootWeb(Object(Config\Paths))
 7 SYSTEMPATH\rewrite.php(44): require_once('C:\\laragon\\www\\server-webservice\\public\\index.php')
CRITICAL - 2024-09-26 05:34:26 --> Error: Class "App\Models\DetailTransaksiModel" not found
[Method: GET, Route: detail-transaksi/data]
in APPPATH\Controllers\DetailTransaksi.php on line 29.
 1 SYSTEMPATH\CodeIgniter.php(933): App\Controllers\DetailTransaksi->getDetailTransaksi()
 2 SYSTEMPATH\CodeIgniter.php(509): CodeIgniter\CodeIgniter->runController(Object(App\Controllers\DetailTransaksi))
 3 SYSTEMPATH\CodeIgniter.php(355): CodeIgniter\CodeIgniter->handleRequest(null, Object(Config\Cache), false)
 4 SYSTEMPATH\Boot.php(325): CodeIgniter\CodeIgniter->run()
 5 SYSTEMPATH\Boot.php(67): CodeIgniter\Boot::runCodeIgniter(Object(CodeIgniter\CodeIgniter))
 6 FCPATH\index.php(56): CodeIgniter\Boot::bootWeb(Object(Config\Paths))
 7 SYSTEMPATH\rewrite.php(44): require_once('C:\\laragon\\www\\server-webservice\\public\\index.php')
CRITICAL - 2024-09-26 05:34:29 --> Error: Class "App\Models\DetailTransaksiModel" not found
[Method: GET, Route: detail-transaksi/data]
in APPPATH\Controllers\DetailTransaksi.php on line 29.
 1 SYSTEMPATH\CodeIgniter.php(933): App\Controllers\DetailTransaksi->getDetailTransaksi()
 2 SYSTEMPATH\CodeIgniter.php(509): CodeIgniter\CodeIgniter->runController(Object(App\Controllers\DetailTransaksi))
 3 SYSTEMPATH\CodeIgniter.php(355): CodeIgniter\CodeIgniter->handleRequest(null, Object(Config\Cache), false)
 4 SYSTEMPATH\Boot.php(325): CodeIgniter\CodeIgniter->run()
 5 SYSTEMPATH\Boot.php(67): CodeIgniter\Boot::runCodeIgniter(Object(CodeIgniter\CodeIgniter))
 6 FCPATH\index.php(56): CodeIgniter\Boot::bootWeb(Object(Config\Paths))
 7 SYSTEMPATH\rewrite.php(44): require_once('C:\\laragon\\www\\server-webservice\\public\\index.php')
CRITICAL - 2024-09-26 05:35:55 --> Error: Class "App\Models\DetailTransaksiModel" not found
[Method: GET, Route: detail-transaksi/data]
in APPPATH\Controllers\DetailTransaksi.php on line 29.
 1 SYSTEMPATH\CodeIgniter.php(933): App\Controllers\DetailTransaksi->getDetailTransaksi()
 2 SYSTEMPATH\CodeIgniter.php(509): CodeIgniter\CodeIgniter->runController(Object(App\Controllers\DetailTransaksi))
 3 SYSTEMPATH\CodeIgniter.php(355): CodeIgniter\CodeIgniter->handleRequest(null, Object(Config\Cache), false)
 4 SYSTEMPATH\Boot.php(325): CodeIgniter\CodeIgniter->run()
 5 SYSTEMPATH\Boot.php(67): CodeIgniter\Boot::runCodeIgniter(Object(CodeIgniter\CodeIgniter))
 6 FCPATH\index.php(56): CodeIgniter\Boot::bootWeb(Object(Config\Paths))
 7 SYSTEMPATH\rewrite.php(44): require_once('C:\\laragon\\www\\server-webservice\\public\\index.php')
CRITICAL - 2024-09-26 05:37:02 --> Error: Class "App\Models\DetailTransaksiModel" not found
[Method: GET, Route: detailtransaksi/data]
in APPPATH\Controllers\DetailTransaksi.php on line 29.
 1 SYSTEMPATH\CodeIgniter.php(933): App\Controllers\DetailTransaksi->getDetailTransaksi()
 2 SYSTEMPATH\CodeIgniter.php(509): CodeIgniter\CodeIgniter->runController(Object(App\Controllers\DetailTransaksi))
 3 SYSTEMPATH\CodeIgniter.php(355): CodeIgniter\CodeIgniter->handleRequest(null, Object(Config\Cache), false)
 4 SYSTEMPATH\Boot.php(325): CodeIgniter\CodeIgniter->run()
 5 SYSTEMPATH\Boot.php(67): CodeIgniter\Boot::runCodeIgniter(Object(CodeIgniter\CodeIgniter))
 6 FCPATH\index.php(56): CodeIgniter\Boot::bootWeb(Object(Config\Paths))
 7 SYSTEMPATH\rewrite.php(44): require_once('C:\\laragon\\www\\server-webservice\\public\\index.php')
CRITICAL - 2024-09-26 05:37:06 --> Error: Class "App\Models\DetailTransaksiModel" not found
[Method: GET, Route: detailtransaksi/data]
in APPPATH\Controllers\DetailTransaksi.php on line 29.
 1 SYSTEMPATH\CodeIgniter.php(933): App\Controllers\DetailTransaksi->getDetailTransaksi()
 2 SYSTEMPATH\CodeIgniter.php(509): CodeIgniter\CodeIgniter->runController(Object(App\Controllers\DetailTransaksi))
 3 SYSTEMPATH\CodeIgniter.php(355): CodeIgniter\CodeIgniter->handleRequest(null, Object(Config\Cache), false)
 4 SYSTEMPATH\Boot.php(325): CodeIgniter\CodeIgniter->run()
 5 SYSTEMPATH\Boot.php(67): CodeIgniter\Boot::runCodeIgniter(Object(CodeIgniter\CodeIgniter))
 6 FCPATH\index.php(56): CodeIgniter\Boot::bootWeb(Object(Config\Paths))
 7 SYSTEMPATH\rewrite.php(44): require_once('C:\\laragon\\www\\server-webservice\\public\\index.php')
CRITICAL - 2024-09-26 05:37:07 --> Error: Class "App\Models\DetailTransaksiModel" not found
[Method: GET, Route: detailtransaksi/data]
in APPPATH\Controllers\DetailTransaksi.php on line 29.
 1 SYSTEMPATH\CodeIgniter.php(933): App\Controllers\DetailTransaksi->getDetailTransaksi()
 2 SYSTEMPATH\CodeIgniter.php(509): CodeIgniter\CodeIgniter->runController(Object(App\Controllers\DetailTransaksi))
 3 SYSTEMPATH\CodeIgniter.php(355): CodeIgniter\CodeIgniter->handleRequest(null, Object(Config\Cache), false)
 4 SYSTEMPATH\Boot.php(325): CodeIgniter\CodeIgniter->run()
 5 SYSTEMPATH\Boot.php(67): CodeIgniter\Boot::runCodeIgniter(Object(CodeIgniter\CodeIgniter))
 6 FCPATH\index.php(56): CodeIgniter\Boot::bootWeb(Object(Config\Paths))
 7 SYSTEMPATH\rewrite.php(44): require_once('C:\\laragon\\www\\server-webservice\\public\\index.php')
CRITICAL - 2024-09-26 05:45:13 --> Error: Class "App\Models\DetailTransaksiModel" not found
[Method: GET, Route: detailtransaksi/data]
in APPPATH\Controllers\DetailTransaksi.php on line 29.
 1 SYSTEMPATH\CodeIgniter.php(933): App\Controllers\DetailTransaksi->getDetailTransaksi()
 2 SYSTEMPATH\CodeIgniter.php(509): CodeIgniter\CodeIgniter->runController(Object(App\Controllers\DetailTransaksi))
 3 SYSTEMPATH\CodeIgniter.php(355): CodeIgniter\CodeIgniter->handleRequest(null, Object(Config\Cache), false)
 4 SYSTEMPATH\Boot.php(325): CodeIgniter\CodeIgniter->run()
 5 SYSTEMPATH\Boot.php(67): CodeIgniter\Boot::runCodeIgniter(Object(CodeIgniter\CodeIgniter))
 6 FCPATH\index.php(56): CodeIgniter\Boot::bootWeb(Object(Config\Paths))
 7 SYSTEMPATH\rewrite.php(44): require_once('C:\\laragon\\www\\server-webservice\\public\\index.php')
CRITICAL - 2024-09-26 05:46:10 --> Error: Class "App\Models\DetailTransaksiModel" not found
[Method: GET, Route: detailtransaksi/data]
in APPPATH\Controllers\DetailTransaksi.php on line 29.
 1 SYSTEMPATH\CodeIgniter.php(933): App\Controllers\DetailTransaksi->getDetailTransaksi()
 2 SYSTEMPATH\CodeIgniter.php(509): CodeIgniter\CodeIgniter->runController(Object(App\Controllers\DetailTransaksi))
 3 SYSTEMPATH\CodeIgniter.php(355): CodeIgniter\CodeIgniter->handleRequest(null, Object(Config\Cache), false)
 4 SYSTEMPATH\Boot.php(325): CodeIgniter\CodeIgniter->run()
 5 SYSTEMPATH\Boot.php(67): CodeIgniter\Boot::runCodeIgniter(Object(CodeIgniter\CodeIgniter))
 6 FCPATH\index.php(56): CodeIgniter\Boot::bootWeb(Object(Config\Paths))
 7 SYSTEMPATH\rewrite.php(44): require_once('C:\\laragon\\www\\server-webservice\\public\\index.php')
CRITICAL - 2024-09-26 05:46:12 --> Error: Class "App\Models\DetailTransaksiModel" not found
[Method: GET, Route: detailtransaksi/data]
in APPPATH\Controllers\DetailTransaksi.php on line 29.
 1 SYSTEMPATH\CodeIgniter.php(933): App\Controllers\DetailTransaksi->getDetailTransaksi()
 2 SYSTEMPATH\CodeIgniter.php(509): CodeIgniter\CodeIgniter->runController(Object(App\Controllers\DetailTransaksi))
 3 SYSTEMPATH\CodeIgniter.php(355): CodeIgniter\CodeIgniter->handleRequest(null, Object(Config\Cache), false)
 4 SYSTEMPATH\Boot.php(325): CodeIgniter\CodeIgniter->run()
 5 SYSTEMPATH\Boot.php(67): CodeIgniter\Boot::runCodeIgniter(Object(CodeIgniter\CodeIgniter))
 6 FCPATH\index.php(56): CodeIgniter\Boot::bootWeb(Object(Config\Paths))
 7 SYSTEMPATH\rewrite.php(44): require_once('C:\\laragon\\www\\server-webservice\\public\\index.php')
CRITICAL - 2024-09-26 05:47:45 --> Error: Class "App\Models\DetailTransaksiModel" not found
[Method: GET, Route: detailtransaksi/data]
in APPPATH\Controllers\DetailTransaksi.php on line 29.
 1 SYSTEMPATH\CodeIgniter.php(933): App\Controllers\DetailTransaksi->getDetailTransaksi()
 2 SYSTEMPATH\CodeIgniter.php(509): CodeIgniter\CodeIgniter->runController(Object(App\Controllers\DetailTransaksi))
 3 SYSTEMPATH\CodeIgniter.php(355): CodeIgniter\CodeIgniter->handleRequest(null, Object(Config\Cache), false)
 4 SYSTEMPATH\Boot.php(325): CodeIgniter\CodeIgniter->run()
 5 SYSTEMPATH\Boot.php(67): CodeIgniter\Boot::runCodeIgniter(Object(CodeIgniter\CodeIgniter))
 6 FCPATH\index.php(56): CodeIgniter\Boot::bootWeb(Object(Config\Paths))
 7 SYSTEMPATH\rewrite.php(44): require_once('C:\\laragon\\www\\server-webservice\\public\\index.php')
CRITICAL - 2024-09-26 05:47:47 --> Error: Class "App\Models\DetailTransaksiModel" not found
[Method: GET, Route: detailtransaksi/data]
in APPPATH\Controllers\DetailTransaksi.php on line 29.
 1 SYSTEMPATH\CodeIgniter.php(933): App\Controllers\DetailTransaksi->getDetailTransaksi()
 2 SYSTEMPATH\CodeIgniter.php(509): CodeIgniter\CodeIgniter->runController(Object(App\Controllers\DetailTransaksi))
 3 SYSTEMPATH\CodeIgniter.php(355): CodeIgniter\CodeIgniter->handleRequest(null, Object(Config\Cache), false)
 4 SYSTEMPATH\Boot.php(325): CodeIgniter\CodeIgniter->run()
 5 SYSTEMPATH\Boot.php(67): CodeIgniter\Boot::runCodeIgniter(Object(CodeIgniter\CodeIgniter))
 6 FCPATH\index.php(56): CodeIgniter\Boot::bootWeb(Object(Config\Paths))
 7 SYSTEMPATH\rewrite.php(44): require_once('C:\\laragon\\www\\server-webservice\\public\\index.php')
CRITICAL - 2024-09-26 05:47:47 --> Error: Class "App\Models\DetailTransaksiModel" not found
[Method: GET, Route: detailtransaksi/data]
in APPPATH\Controllers\DetailTransaksi.php on line 29.
 1 SYSTEMPATH\CodeIgniter.php(933): App\Controllers\DetailTransaksi->getDetailTransaksi()
 2 SYSTEMPATH\CodeIgniter.php(509): CodeIgniter\CodeIgniter->runController(Object(App\Controllers\DetailTransaksi))
 3 SYSTEMPATH\CodeIgniter.php(355): CodeIgniter\CodeIgniter->handleRequest(null, Object(Config\Cache), false)
 4 SYSTEMPATH\Boot.php(325): CodeIgniter\CodeIgniter->run()
 5 SYSTEMPATH\Boot.php(67): CodeIgniter\Boot::runCodeIgniter(Object(CodeIgniter\CodeIgniter))
 6 FCPATH\index.php(56): CodeIgniter\Boot::bootWeb(Object(Config\Paths))
 7 SYSTEMPATH\rewrite.php(44): require_once('C:\\laragon\\www\\server-webservice\\public\\index.php')
CRITICAL - 2024-09-26 05:47:47 --> Error: Class "App\Models\DetailTransaksiModel" not found
[Method: GET, Route: detailtransaksi/data]
in APPPATH\Controllers\DetailTransaksi.php on line 29.
 1 SYSTEMPATH\CodeIgniter.php(933): App\Controllers\DetailTransaksi->getDetailTransaksi()
 2 SYSTEMPATH\CodeIgniter.php(509): CodeIgniter\CodeIgniter->runController(Object(App\Controllers\DetailTransaksi))
 3 SYSTEMPATH\CodeIgniter.php(355): CodeIgniter\CodeIgniter->handleRequest(null, Object(Config\Cache), false)
 4 SYSTEMPATH\Boot.php(325): CodeIgniter\CodeIgniter->run()
 5 SYSTEMPATH\Boot.php(67): CodeIgniter\Boot::runCodeIgniter(Object(CodeIgniter\CodeIgniter))
 6 FCPATH\index.php(56): CodeIgniter\Boot::bootWeb(Object(Config\Paths))
 7 SYSTEMPATH\rewrite.php(44): require_once('C:\\laragon\\www\\server-webservice\\public\\index.php')
CRITICAL - 2024-09-26 05:48:30 --> Error: Class "App\Controllers\detail_transaksi" not found
[Method: GET, Route: detailtransaksi/data]
in APPPATH\Controllers\DetailTransaksi.php on line 29.
 1 SYSTEMPATH\CodeIgniter.php(933): App\Controllers\DetailTransaksi->getDetailTransaksi()
 2 SYSTEMPATH\CodeIgniter.php(509): CodeIgniter\CodeIgniter->runController(Object(App\Controllers\DetailTransaksi))
 3 SYSTEMPATH\CodeIgniter.php(355): CodeIgniter\CodeIgniter->handleRequest(null, Object(Config\Cache), false)
 4 SYSTEMPATH\Boot.php(325): CodeIgniter\CodeIgniter->run()
 5 SYSTEMPATH\Boot.php(67): CodeIgniter\Boot::runCodeIgniter(Object(CodeIgniter\CodeIgniter))
 6 FCPATH\index.php(56): CodeIgniter\Boot::bootWeb(Object(Config\Paths))
 7 SYSTEMPATH\rewrite.php(44): require_once('C:\\laragon\\www\\server-webservice\\public\\index.php')
CRITICAL - 2024-09-26 05:48:32 --> Error: Class "App\Controllers\detail_transaksi" not found
[Method: GET, Route: detailtransaksi/data]
in APPPATH\Controllers\DetailTransaksi.php on line 29.
 1 SYSTEMPATH\CodeIgniter.php(933): App\Controllers\DetailTransaksi->getDetailTransaksi()
 2 SYSTEMPATH\CodeIgniter.php(509): CodeIgniter\CodeIgniter->runController(Object(App\Controllers\DetailTransaksi))
 3 SYSTEMPATH\CodeIgniter.php(355): CodeIgniter\CodeIgniter->handleRequest(null, Object(Config\Cache), false)
 4 SYSTEMPATH\Boot.php(325): CodeIgniter\CodeIgniter->run()
 5 SYSTEMPATH\Boot.php(67): CodeIgniter\Boot::runCodeIgniter(Object(CodeIgniter\CodeIgniter))
 6 FCPATH\index.php(56): CodeIgniter\Boot::bootWeb(Object(Config\Paths))
 7 SYSTEMPATH\rewrite.php(44): require_once('C:\\laragon\\www\\server-webservice\\public\\index.php')
CRITICAL - 2024-09-26 05:48:32 --> Error: Class "App\Controllers\detail_transaksi" not found
[Method: GET, Route: detailtransaksi/data]
in APPPATH\Controllers\DetailTransaksi.php on line 29.
 1 SYSTEMPATH\CodeIgniter.php(933): App\Controllers\DetailTransaksi->getDetailTransaksi()
 2 SYSTEMPATH\CodeIgniter.php(509): CodeIgniter\CodeIgniter->runController(Object(App\Controllers\DetailTransaksi))
 3 SYSTEMPATH\CodeIgniter.php(355): CodeIgniter\CodeIgniter->handleRequest(null, Object(Config\Cache), false)
 4 SYSTEMPATH\Boot.php(325): CodeIgniter\CodeIgniter->run()
 5 SYSTEMPATH\Boot.php(67): CodeIgniter\Boot::runCodeIgniter(Object(CodeIgniter\CodeIgniter))
 6 FCPATH\index.php(56): CodeIgniter\Boot::bootWeb(Object(Config\Paths))
 7 SYSTEMPATH\rewrite.php(44): require_once('C:\\laragon\\www\\server-webservice\\public\\index.php')
CRITICAL - 2024-09-26 05:51:06 --> Error: Class "App\Models\DetailTransaksiModel" not found
[Method: GET, Route: detailtransaksi/data]
in APPPATH\Controllers\DetailTransaksi.php on line 29.
 1 SYSTEMPATH\CodeIgniter.php(933): App\Controllers\DetailTransaksi->getDetailTransaksi()
 2 SYSTEMPATH\CodeIgniter.php(509): CodeIgniter\CodeIgniter->runController(Object(App\Controllers\DetailTransaksi))
 3 SYSTEMPATH\CodeIgniter.php(355): CodeIgniter\CodeIgniter->handleRequest(null, Object(Config\Cache), false)
 4 SYSTEMPATH\Boot.php(325): CodeIgniter\CodeIgniter->run()
 5 SYSTEMPATH\Boot.php(67): CodeIgniter\Boot::runCodeIgniter(Object(CodeIgniter\CodeIgniter))
 6 FCPATH\index.php(56): CodeIgniter\Boot::bootWeb(Object(Config\Paths))
 7 SYSTEMPATH\rewrite.php(44): require_once('C:\\laragon\\www\\server-webservice\\public\\index.php')
