CRITICAL - 2024-09-19 04:28:14 --> Error: Class "App\Model\PelangganModel" not found
[Method: GET, Route: pelanggan/data-pelanggan]
in APPPATH\Controllers\Pelanggan.php on line 28.
 1 SYSTEMPATH\CodeIgniter.php(933): App\Controllers\Pelanggan->getPelangganDataJson()
 2 SYSTEMPATH\CodeIgniter.php(509): CodeIgniter\CodeIgniter->runController(Object(App\Controllers\Pelanggan))
 3 SYSTEMPATH\CodeIgniter.php(355): CodeIgniter\CodeIgniter->handleRequest(null, Object(Config\Cache), false)
 4 SYSTEMPATH\Boot.php(325): CodeIgniter\CodeIgniter->run()
 5 SYSTEMPATH\Boot.php(67): CodeIgniter\Boot::runCodeIgniter(Object(CodeIgniter\CodeIgniter))
 6 FCPATH\index.php(56): CodeIgniter\Boot::bootWeb(Object(Config\Paths))
 7 SYSTEMPATH\rewrite.php(44): require_once('C:\\xampp\\htdocs\\server-webservice\\public\\index.php')
CRITICAL - 2024-09-19 04:28:21 --> Error: Class "App\Model\PelangganModel" not found
[Method: GET, Route: pelanggan/data-pelanggan]
in APPPATH\Controllers\Pelanggan.php on line 28.
 1 SYSTEMPATH\CodeIgniter.php(933): App\Controllers\Pelanggan->getPelangganDataJson()
 2 SYSTEMPATH\CodeIgniter.php(509): CodeIgniter\CodeIgniter->runController(Object(App\Controllers\Pelanggan))
 3 SYSTEMPATH\CodeIgniter.php(355): CodeIgniter\CodeIgniter->handleRequest(null, Object(Config\Cache), false)
 4 SYSTEMPATH\Boot.php(325): CodeIgniter\CodeIgniter->run()
 5 SYSTEMPATH\Boot.php(67): CodeIgniter\Boot::runCodeIgniter(Object(CodeIgniter\CodeIgniter))
 6 FCPATH\index.php(56): CodeIgniter\Boot::bootWeb(Object(Config\Paths))
 7 SYSTEMPATH\rewrite.php(44): require_once('C:\\xampp\\htdocs\\server-webservice\\public\\index.php')
CRITICAL - 2024-09-19 04:28:58 --> Error: Class "App\Model\PelangganModel" not found
[Method: GET, Route: pelanggan/data-pelanggan]
in APPPATH\Controllers\Pelanggan.php on line 28.
 1 SYSTEMPATH\CodeIgniter.php(933): App\Controllers\Pelanggan->getPelangganDataJson()
 2 SYSTEMPATH\CodeIgniter.php(509): CodeIgniter\CodeIgniter->runController(Object(App\Controllers\Pelanggan))
 3 SYSTEMPATH\CodeIgniter.php(355): CodeIgniter\CodeIgniter->handleRequest(null, Object(Config\Cache), false)
 4 SYSTEMPATH\Boot.php(325): CodeIgniter\CodeIgniter->run()
 5 SYSTEMPATH\Boot.php(67): CodeIgniter\Boot::runCodeIgniter(Object(CodeIgniter\CodeIgniter))
 6 FCPATH\index.php(56): CodeIgniter\Boot::bootWeb(Object(Config\Paths))
 7 SYSTEMPATH\rewrite.php(44): require_once('C:\\xampp\\htdocs\\server-webservice\\public\\index.php')
CRITICAL - 2024-09-19 04:29:46 --> Error: Class "App\Model\PelangganModel" not found
[Method: GET, Route: pelanggan/data-pelanggan]
in APPPATH\Controllers\Pelanggan.php on line 28.
 1 SYSTEMPATH\CodeIgniter.php(933): App\Controllers\Pelanggan->getPelangganDataJson()
 2 SYSTEMPATH\CodeIgniter.php(509): CodeIgniter\CodeIgniter->runController(Object(App\Controllers\Pelanggan))
 3 SYSTEMPATH\CodeIgniter.php(355): CodeIgniter\CodeIgniter->handleRequest(null, Object(Config\Cache), false)
 4 SYSTEMPATH\Boot.php(325): CodeIgniter\CodeIgniter->run()
 5 SYSTEMPATH\Boot.php(67): CodeIgniter\Boot::runCodeIgniter(Object(CodeIgniter\CodeIgniter))
 6 FCPATH\index.php(56): CodeIgniter\Boot::bootWeb(Object(Config\Paths))
 7 SYSTEMPATH\rewrite.php(44): require_once('C:\\xampp\\htdocs\\server-webservice\\public\\index.php')
CRITICAL - 2024-09-19 04:30:55 --> Error: Class "App\Model\PelangganModel" not found
[Method: GET, Route: pelanggan/data-pelanggan]
in APPPATH\Controllers\Pelanggan.php on line 28.
 1 SYSTEMPATH\CodeIgniter.php(933): App\Controllers\Pelanggan->getPelangganDataJson()
 2 SYSTEMPATH\CodeIgniter.php(509): CodeIgniter\CodeIgniter->runController(Object(App\Controllers\Pelanggan))
 3 SYSTEMPATH\CodeIgniter.php(355): CodeIgniter\CodeIgniter->handleRequest(null, Object(Config\Cache), false)
 4 SYSTEMPATH\Boot.php(325): CodeIgniter\CodeIgniter->run()
 5 SYSTEMPATH\Boot.php(67): CodeIgniter\Boot::runCodeIgniter(Object(CodeIgniter\CodeIgniter))
 6 FCPATH\index.php(56): CodeIgniter\Boot::bootWeb(Object(Config\Paths))
 7 SYSTEMPATH\rewrite.php(44): require_once('C:\\xampp\\htdocs\\server-webservice\\public\\index.php')
CRITICAL - 2024-09-19 04:31:38 --> Error: Class "App\Models\PelangganModel" not found
[Method: GET, Route: pelanggan/data-pelanggan]
in APPPATH\Controllers\Pelanggan.php on line 28.
 1 SYSTEMPATH\CodeIgniter.php(933): App\Controllers\Pelanggan->getPelangganDataJson()
 2 SYSTEMPATH\CodeIgniter.php(509): CodeIgniter\CodeIgniter->runController(Object(App\Controllers\Pelanggan))
 3 SYSTEMPATH\CodeIgniter.php(355): CodeIgniter\CodeIgniter->handleRequest(null, Object(Config\Cache), false)
 4 SYSTEMPATH\Boot.php(325): CodeIgniter\CodeIgniter->run()
 5 SYSTEMPATH\Boot.php(67): CodeIgniter\Boot::runCodeIgniter(Object(CodeIgniter\CodeIgniter))
 6 FCPATH\index.php(56): CodeIgniter\Boot::bootWeb(Object(Config\Paths))
 7 SYSTEMPATH\rewrite.php(44): require_once('C:\\xampp\\htdocs\\server-webservice\\public\\index.php')
CRITICAL - 2024-09-19 04:34:24 --> Error: Class "App\Models\PelangganModel" not found
[Method: GET, Route: pelanggan/data-pelanggan]
in APPPATH\Controllers\Pelanggan.php on line 28.
 1 SYSTEMPATH\CodeIgniter.php(933): App\Controllers\Pelanggan->getPelangganDataJson()
 2 SYSTEMPATH\CodeIgniter.php(509): CodeIgniter\CodeIgniter->runController(Object(App\Controllers\Pelanggan))
 3 SYSTEMPATH\CodeIgniter.php(355): CodeIgniter\CodeIgniter->handleRequest(null, Object(Config\Cache), false)
 4 SYSTEMPATH\Boot.php(325): CodeIgniter\CodeIgniter->run()
 5 SYSTEMPATH\Boot.php(67): CodeIgniter\Boot::runCodeIgniter(Object(CodeIgniter\CodeIgniter))
 6 FCPATH\index.php(56): CodeIgniter\Boot::bootWeb(Object(Config\Paths))
 7 SYSTEMPATH\rewrite.php(44): require_once('C:\\xampp\\htdocs\\server-webservice\\public\\index.php')
