CRITICAL - 2024-10-02 08:59:16 --> Error: Class "App\Models\DetailTransaksiModel" not found
[Method: GET, Route: detailtransaksi/data]
in APPPATH\Controllers\DetailTransaksi.php on line 29.
 1 SYSTEMPATH\CodeIgniter.php(933): App\Controllers\DetailTransaksi->getDetailTransaksi()
 2 SYSTEMPATH\CodeIgniter.php(509): CodeIgniter\CodeIgniter->runController(Object(App\Controllers\DetailTransaksi))
 3 SYSTEMPATH\CodeIgniter.php(355): CodeIgniter\CodeIgniter->handleRequest(null, Object(Config\Cache), false)
 4 SYSTEMPATH\Boot.php(325): CodeIgniter\CodeIgniter->run()
 5 SYSTEMPATH\Boot.php(67): CodeIgniter\Boot::runCodeIgniter(Object(CodeIgniter\CodeIgniter))
 6 FCPATH\index.php(56): CodeIgniter\Boot::bootWeb(Object(Config\Paths))
 7 SYSTEMPATH\rewrite.php(44): require_once('C:\\laragon\\www\\server-webservice\\public\\index.php')
CRITICAL - 2024-10-02 09:06:37 --> Error: Class "App\Models\DetailTransaksiModel" not found
[Method: GET, Route: detailtransaksi/data]
in APPPATH\Controllers\DetailTransaksi.php on line 29.
 1 SYSTEMPATH\CodeIgniter.php(933): App\Controllers\DetailTransaksi->getDetailTransaksi()
 2 SYSTEMPATH\CodeIgniter.php(509): CodeIgniter\CodeIgniter->runController(Object(App\Controllers\DetailTransaksi))
 3 SYSTEMPATH\CodeIgniter.php(355): CodeIgniter\CodeIgniter->handleRequest(null, Object(Config\Cache), false)
 4 SYSTEMPATH\Boot.php(325): CodeIgniter\CodeIgniter->run()
 5 SYSTEMPATH\Boot.php(67): CodeIgniter\Boot::runCodeIgniter(Object(CodeIgniter\CodeIgniter))
 6 FCPATH\index.php(56): CodeIgniter\Boot::bootWeb(Object(Config\Paths))
 7 SYSTEMPATH\rewrite.php(44): require_once('C:\\laragon\\www\\server-webservice\\public\\index.php')
CRITICAL - 2024-10-02 09:06:40 --> Error: Class "App\Models\DetailTransaksiModel" not found
[Method: GET, Route: detailtransaksi/data]
in APPPATH\Controllers\DetailTransaksi.php on line 29.
 1 SYSTEMPATH\CodeIgniter.php(933): App\Controllers\DetailTransaksi->getDetailTransaksi()
 2 SYSTEMPATH\CodeIgniter.php(509): CodeIgniter\CodeIgniter->runController(Object(App\Controllers\DetailTransaksi))
 3 SYSTEMPATH\CodeIgniter.php(355): CodeIgniter\CodeIgniter->handleRequest(null, Object(Config\Cache), false)
 4 SYSTEMPATH\Boot.php(325): CodeIgniter\CodeIgniter->run()
 5 SYSTEMPATH\Boot.php(67): CodeIgniter\Boot::runCodeIgniter(Object(CodeIgniter\CodeIgniter))
 6 FCPATH\index.php(56): CodeIgniter\Boot::bootWeb(Object(Config\Paths))
 7 SYSTEMPATH\rewrite.php(44): require_once('C:\\laragon\\www\\server-webservice\\public\\index.php')
CRITICAL - 2024-10-02 09:06:45 --> Error: Class "App\Models\DetailTransaksiModel" not found
[Method: GET, Route: detailtransaksi/data]
in APPPATH\Controllers\DetailTransaksi.php on line 29.
 1 SYSTEMPATH\CodeIgniter.php(933): App\Controllers\DetailTransaksi->getDetailTransaksi()
 2 SYSTEMPATH\CodeIgniter.php(509): CodeIgniter\CodeIgniter->runController(Object(App\Controllers\DetailTransaksi))
 3 SYSTEMPATH\CodeIgniter.php(355): CodeIgniter\CodeIgniter->handleRequest(null, Object(Config\Cache), false)
 4 SYSTEMPATH\Boot.php(325): CodeIgniter\CodeIgniter->run()
 5 SYSTEMPATH\Boot.php(67): CodeIgniter\Boot::runCodeIgniter(Object(CodeIgniter\CodeIgniter))
 6 FCPATH\index.php(56): CodeIgniter\Boot::bootWeb(Object(Config\Paths))
 7 SYSTEMPATH\rewrite.php(44): require_once('C:\\laragon\\www\\server-webservice\\public\\index.php')
CRITICAL - 2024-10-02 09:07:28 --> Error: Class "App\Models\DetailTransaksiModel" not found
[Method: GET, Route: detailtransaksi/data]
in APPPATH\Controllers\DetailTransaksi.php on line 29.
 1 SYSTEMPATH\CodeIgniter.php(933): App\Controllers\DetailTransaksi->getDetailTransaksi()
 2 SYSTEMPATH\CodeIgniter.php(509): CodeIgniter\CodeIgniter->runController(Object(App\Controllers\DetailTransaksi))
 3 SYSTEMPATH\CodeIgniter.php(355): CodeIgniter\CodeIgniter->handleRequest(null, Object(Config\Cache), false)
 4 SYSTEMPATH\Boot.php(325): CodeIgniter\CodeIgniter->run()
 5 SYSTEMPATH\Boot.php(67): CodeIgniter\Boot::runCodeIgniter(Object(CodeIgniter\CodeIgniter))
 6 FCPATH\index.php(56): CodeIgniter\Boot::bootWeb(Object(Config\Paths))
 7 SYSTEMPATH\rewrite.php(44): require_once('C:\\laragon\\www\\server-webservice\\public\\index.php')
CRITICAL - 2024-10-02 09:13:01 --> Error: Class "App\Models\DetailTransaksiModel" not found
[Method: GET, Route: DetailTransaksi/data]
in APPPATH\Controllers\DetailTransaksi.php on line 29.
 1 SYSTEMPATH\CodeIgniter.php(933): App\Controllers\DetailTransaksi->getDetailTransaksi()
 2 SYSTEMPATH\CodeIgniter.php(509): CodeIgniter\CodeIgniter->runController(Object(App\Controllers\DetailTransaksi))
 3 SYSTEMPATH\CodeIgniter.php(355): CodeIgniter\CodeIgniter->handleRequest(null, Object(Config\Cache), false)
 4 SYSTEMPATH\Boot.php(325): CodeIgniter\CodeIgniter->run()
 5 SYSTEMPATH\Boot.php(67): CodeIgniter\Boot::runCodeIgniter(Object(CodeIgniter\CodeIgniter))
 6 FCPATH\index.php(56): CodeIgniter\Boot::bootWeb(Object(Config\Paths))
 7 SYSTEMPATH\rewrite.php(44): require_once('C:\\laragon\\www\\server-webservice\\public\\index.php')
CRITICAL - 2024-10-02 09:27:07 --> Error: Class "App\Models\DetailTransaksiModel" not found
[Method: GET, Route: DetailTransaksi/data]
in APPPATH\Controllers\DetailTransaksi.php on line 29.
 1 SYSTEMPATH\CodeIgniter.php(933): App\Controllers\DetailTransaksi->getDetailTransaksi()
 2 SYSTEMPATH\CodeIgniter.php(509): CodeIgniter\CodeIgniter->runController(Object(App\Controllers\DetailTransaksi))
 3 SYSTEMPATH\CodeIgniter.php(355): CodeIgniter\CodeIgniter->handleRequest(null, Object(Config\Cache), false)
 4 SYSTEMPATH\Boot.php(325): CodeIgniter\CodeIgniter->run()
 5 SYSTEMPATH\Boot.php(67): CodeIgniter\Boot::runCodeIgniter(Object(CodeIgniter\CodeIgniter))
 6 FCPATH\index.php(56): CodeIgniter\Boot::bootWeb(Object(Config\Paths))
 7 SYSTEMPATH\rewrite.php(44): require_once('C:\\laragon\\www\\server-webservice\\public\\index.php')
